Determining if the pthread_create exist failed with the following output:
Change Dir: /home/students/d/dolawojc/jimp2/suchy/exercices/cmake-build-debug/CMakeFiles/CMakeTmp

Run Build Command:"/usr/bin/make" "cmTC_3b216/fast"
/usr/bin/make -f CMakeFiles/cmTC_3b216.dir/build.make CMakeFiles/cmTC_3b216.dir/build
make[1]: Wejście do katalogu '/home/students/d/dolawojc/jimp2/suchy/exercices/cmake-build-debug/CMakeFiles/CMakeTmp'
Building C object CMakeFiles/cmTC_3b216.dir/CheckSymbolExists.c.o
/usr/bin/cc    -o CMakeFiles/cmTC_3b216.dir/CheckSymbolExists.c.o   -c /home/students/d/dolawojc/jimp2/suchy/exercices/cmake-build-debug/CMakeFiles/CMakeTmp/CheckSymbolExists.c
Linking C executable cmTC_3b216
/usr/local/clion-2018.1.1/bin/cmake/bin/cmake -E cmake_link_script CMakeFiles/cmTC_3b216.dir/link.txt --verbose=1
/usr/bin/cc      -rdynamic CMakeFiles/cmTC_3b216.dir/CheckSymbolExists.c.o  -o cmTC_3b216 
CMakeFiles/cmTC_3b216.dir/CheckSymbolExists.c.o: In function `main':
CheckSymbolExists.c:(.text+0x16): undefined reference to `pthread_create'
collect2: error: ld returned 1 exit status
CMakeFiles/cmTC_3b216.dir/build.make:97: polecenia dla obiektu 'cmTC_3b216' nie powiodły się
make[1]: *** [cmTC_3b216] Błąd 1
make[1]: Opuszczenie katalogu '/home/students/d/dolawojc/jimp2/suchy/exercices/cmake-build-debug/CMakeFiles/CMakeTmp'
Makefile:126: polecenia dla obiektu 'cmTC_3b216/fast' nie powiodły się
make: *** [cmTC_3b216/fast] Błąd 2

File /home/students/d/dolawojc/jimp2/suchy/exercices/cmake-build-debug/CMakeFiles/CMakeTmp/CheckSymbolExists.c:
/* */
#include <pthread.h>

int main(int argc, char** argv)
{
  (void)argv;
#ifndef pthread_create
  return ((int*)(&pthread_create))[argc];
#else
  (void)argc;
  return 0;
#endif
}

Determining if the function pthread_create exists in the pthreads failed with the following output:
Change Dir: /home/students/d/dolawojc/jimp2/suchy/exercices/cmake-build-debug/CMakeFiles/CMakeTmp

Run Build Command:"/usr/bin/make" "cmTC_bf1aa/fast"
/usr/bin/make -f CMakeFiles/cmTC_bf1aa.dir/build.make CMakeFiles/cmTC_bf1aa.dir/build
make[1]: Wejście do katalogu '/home/students/d/dolawojc/jimp2/suchy/exercices/cmake-build-debug/CMakeFiles/CMakeTmp'
Building C object CMakeFiles/cmTC_bf1aa.dir/CheckFunctionExists.c.o
/usr/bin/cc   -DCHECK_FUNCTION_EXISTS=pthread_create   -o CMakeFiles/cmTC_bf1aa.dir/CheckFunctionExists.c.o   -c /usr/local/clion-2018.1.1/bin/cmake/share/cmake-3.10/Modules/CheckFunctionExists.c
Linking C executable cmTC_bf1aa
/usr/local/clion-2018.1.1/bin/cmake/bin/cmake -E cmake_link_script CMakeFiles/cmTC_bf1aa.dir/link.txt --verbose=1
/usr/bin/cc  -DCHECK_FUNCTION_EXISTS=pthread_create    -rdynamic CMakeFiles/cmTC_bf1aa.dir/CheckFunctionExists.c.o  -o cmTC_bf1aa -lpthreads 
/usr/bin/ld: cannot find -lpthreads
collect2: error: ld returned 1 exit status
CMakeFiles/cmTC_bf1aa.dir/build.make:97: polecenia dla obiektu 'cmTC_bf1aa' nie powiodły się
make[1]: *** [cmTC_bf1aa] Błąd 1
make[1]: Opuszczenie katalogu '/home/students/d/dolawojc/jimp2/suchy/exercices/cmake-build-debug/CMakeFiles/CMakeTmp'
Makefile:126: polecenia dla obiektu 'cmTC_bf1aa/fast' nie powiodły się
make: *** [cmTC_bf1aa/fast] Błąd 2


